FILE_TYPE=LIBRARY_PARTS;
PRIMITIVE 'CMI_9705_0380_SMT_TR','CMI_9705_0380_SMT_TR_Other';
  PIN
    '+':
      PIN_NUMBER='(1)';
      NO_LOAD_CHECK=BOTH;
      NO_IO_CHECK=BOTH;
      ALLOW_CONNECT=TRUE;
      PINUSE='UNSPEC';
    '-':
      PIN_NUMBER='(2)';
      NO_LOAD_CHECK=BOTH;
      NO_IO_CHECK=BOTH;
      ALLOW_CONNECT=TRUE;
      PINUSE='UNSPEC';
  END_PIN;
  BODY
    PART_NAME='CMI_9705_0380_SMT_TR';
    PHYS_DES_PREFIX='LS';
    NO_LOAD_CHECK='TRUE';
    PIN_COUNT='2';
    BODY_NAME='CMI_9705_0380_SMT_TR';
    JEDEC_TYPE='CMI97050380SMTTR';
  END_BODY;
END_PRIMITIVE;
END.
